 2025-10-27 02:21:59,002 - INFO -  Starting temporal_landing...
2025-10-27 02:24:04,216 - INFO -  Starting temporal_landing...
2025-10-27 02:44:06,819 - INFO -  temporal_landing completed successfully in 1202.59s
2025-10-27 02:52:53,879 - INFO -  Starting temporal_landing...
2025-10-27 03:17:14,307 - INFO -  Starting temporal_landing...
2025-10-27 03:19:38,553 - INFO -  Starting temporal_landing...
2025-10-27 03:21:33,708 - INFO -  temporal_landing completed successfully in 115.15s
2025-10-27 03:33:08,871 - INFO -  Starting persistent_landing...
2025-10-27 03:33:13,696 - INFO -  persistent_landing completed successfully in 4.81s
2025-10-27 03:38:40,157 - INFO -  Starting formatted_metadata...
2025-10-27 03:38:42,021 - INFO -  formatted_metadata completed successfully in 1.86s
2025-10-27 03:39:32,001 - INFO -  Starting formatted_images...
2025-10-27 03:39:37,755 - INFO -  formatted_images completed successfully in 5.75s
2025-10-27 03:49:32,353 - INFO -  Starting temporal_landing...
2025-10-27 03:50:44,381 - INFO -  temporal_landing completed successfully in 72.03s
2025-10-27 04:17:54,446 - INFO -  Starting formatted_metadata...
2025-10-27 04:17:56,055 - INFO -  formatted_metadata completed successfully in 1.61s
2025-10-27 04:18:14,212 - INFO -  Starting formatted_images...
2025-10-27 04:18:14,848 - INFO -  formatted_images completed successfully in 0.63s
2025-10-27 04:26:59,308 - INFO -  Starting trusted_metadata...
2025-10-27 04:27:00,708 - INFO -  trusted_metadata completed successfully in 1.40s
2025-10-27 04:27:05,258 - INFO -  Starting trusted_images...
2025-10-27 04:27:18,369 - INFO -  trusted_images completed successfully in 13.11s
2025-10-27 04:27:19,927 - INFO -  Starting exploitation_metadata...
2025-10-27 04:27:29,304 - INFO -  exploitation_metadata completed successfully in 9.38s
2025-10-27 04:27:56,449 - INFO -  Starting exploitation_images...
2025-10-27 04:28:51,524 - INFO -  exploitation_images completed successfully in 55.06s
2025-10-27 04:28:54,460 - INFO -  Starting exploitation_multimodal...
2025-10-27 04:29:34,118 - INFO -  exploitation_multimodal completed successfully in 39.65s
2025-10-27 04:29:53,989 - INFO -  Starting generative_task...
2025-10-27 04:30:53,767 - INFO -  generative_task completed successfully in 59.78s
2025-10-27 08:30:23,130 - INFO -  Starting temporal_landing...
2025-10-27 08:34:52,819 - INFO -  temporal_landing completed successfully in 269.69s
2025-10-27 08:34:54,830 - INFO -  Starting persistent_landing...
2025-10-27 08:35:00,036 - INFO -  persistent_landing completed successfully in 5.21s
2025-10-27 08:35:02,042 - INFO -  Starting formatted_metadata...
2025-10-27 08:35:03,746 - INFO -  formatted_metadata completed successfully in 1.70s
2025-10-27 08:35:05,759 - INFO -  Starting formatted_images...
2025-10-27 08:35:12,611 - INFO -  formatted_images completed successfully in 6.85s
2025-10-27 08:35:14,620 - INFO -  Starting trusted_metadata...
2025-10-27 08:35:15,969 - INFO -  trusted_metadata completed successfully in 1.35s
2025-10-27 08:35:17,977 - INFO -  Starting trusted_images...
2025-10-27 08:35:32,781 - INFO -  trusted_images completed successfully in 14.79s
2025-10-27 08:35:34,793 - INFO -  Starting exploitation_metadata...
2025-10-27 08:35:44,296 - INFO -  exploitation_metadata completed successfully in 9.50s
2025-10-27 08:35:46,300 - INFO -  Starting exploitation_images...
2025-10-27 08:36:14,975 - INFO -  exploitation_images completed successfully in 28.66s
2025-10-27 08:36:16,985 - INFO -  Starting exploitation_multimodal...
2025-10-27 08:37:02,094 - INFO -  exploitation_multimodal completed successfully in 45.11s
2025-10-27 08:48:12,090 - INFO -  Starting same_modality_search...
2025-10-27 08:48:37,125 - INFO -  same_modality_search completed successfully in 25.04s
2025-10-27 08:49:09,477 - INFO -  Starting exploitation_metadata...
2025-10-27 08:49:15,510 - INFO -  exploitation_metadata completed successfully in 6.03s
2025-10-27 08:49:29,329 - INFO -  Starting exploitation_images...
2025-10-27 08:49:35,524 - INFO -  exploitation_images completed successfully in 6.19s
2025-10-27 08:49:46,061 - INFO -  Starting exploitation_multimodal...
2025-10-27 08:50:07,559 - INFO -  exploitation_multimodal completed successfully in 21.49s
